{
    "nombre": "prueba",
    "apellido": "html empleado",
    "tipo_documento": "CC",
    "numero_documento": "123",
    "correo": "pruebahtml@empelado.com",
    "telefono": "30089001122",
    "fecha": "2025-09-28",
    "placa_vehiculo": "saq12m",
    "servicio": "Mantenimiento Preventivo",
    "descripcion_adicional": "prueba empleado desde mosulo html empleado"
}
{
    "nombre": "prueba",
    "apellido": "html empleado",
    "tipo_documento": "CC",
    "numero_documento": "123",
    "correo": "pruebahtml@empelado.com",
    "telefono": "30089001122",
    "fecha": "2025-09-28",
    "placa_vehiculo": "saq12m",
    "servicio": "Mantenimiento Preventivo",
    "descripcion_adicional": "prueba empleado desde mosulo html empleado"
}
{
    "nombre": "prueba",
    "apellido": "html empleado",
    "tipo_documento": "CC",
    "numero_documento": "123",
    "correo": "pruebahtml@empelado.com",
    "telefono": "30089001122",
    "fecha": "2025-09-28",
    "placa_vehiculo": "saq12m",
    "servicio": "Mantenimiento Preventivo",
    "descripcion_adicional": "prueba empleado desde mosulo html empleado"
}
{
    "nombre": "prueba",
    "apellido": "html empleado",
    "tipo_documento": "CC",
    "numero_documento": "123",
    "correo": "pruebahtml@empelado.com",
    "telefono": "30089001122",
    "fecha": "2025-09-28",
    "placa_vehiculo": "saq12m",
    "servicio": "Mantenimiento Preventivo",
    "descripcion_adicional": "prueba empleado desde mosulo html empleado"
}
{
    "nombre": "prueba",
    "apellido": "html empleado",
    "tipo_documento": "CC",
    "numero_documento": "123",
    "correo": "pruebahtml@empelado.com",
    "telefono": "30089001122",
    "fecha": "2025-09-28",
    "placa_vehiculo": "saq12m",
    "servicio": "Mantenimiento Preventivo",
    "descripcion_adicional": "prueba empleado desde mosulo html empleado"
}
{
    "nombre": "prueba",
    "apellido": "html empleado",
    "tipo_documento": "CC",
    "numero_documento": "123",
    "correo": "pruebahtml@empelado.com",
    "telefono": "30089001122",
    "fecha": "2025-09-28",
    "placa_vehiculo": "saq12m",
    "servicio": "Mantenimiento Preventivo",
    "descripcion_adicional": "prueba empleado desde mosulo html empleado"
}
{
    "nombre": "prueba",
    "apellido": "html empleado",
    "tipo_documento": "CC",
    "numero_documento": "123",
    "correo": "pruebahtml@empelado.com",
    "telefono": "30089001122",
    "fecha": "2025-09-28",
    "placa_vehiculo": "saq12m",
    "servicio": "Mantenimiento Preventivo",
    "descripcion_adicional": "prueba empleado desde mosulo html empleado"
}
{
    "nombre": "prueba",
    "apellido": "html empleado",
    "tipo_documento": "CC",
    "numero_documento": "123",
    "correo": "pruebahtml@empelado.com",
    "telefono": "30089001122",
    "fecha": "2025-09-28",
    "placa_vehiculo": "saq12m",
    "servicio": "Mantenimiento Preventivo",
    "descripcion_adicional": "prueba empleado desde mosulo html empleado"
}
{
    "nombre": "prueba",
    "apellido": "html empleado",
    "tipo_documento": "CC",
    "numero_documento": "123",
    "correo": "pruebahtml@empelado.com",
    "telefono": "30089001122",
    "fecha": "2025-09-28",
    "placa_vehiculo": "saq12m",
    "servicio": "Mantenimiento Preventivo",
    "descripcion_adicional": "prueba empleado desde mosulo html empleado"
}
{
    "nombre": "prueba",
    "apellido": "html empleado",
    "tipo_documento": "CC",
    "numero_documento": "123",
    "correo": "pruebahtml@empelado.com",
    "telefono": "30089001122",
    "fecha": "2025-09-28",
    "placa_vehiculo": "saq12m",
    "servicio": "Mantenimiento Preventivo",
    "descripcion_adicional": "prueba empleado desde mosulo html empleado"
}
{
    "nombre": "prueba",
    "apellido": "html empleado",
    "tipo_documento": "CC",
    "numero_documento": "123",
    "correo": "pruebahtml@empelado.com",
    "telefono": "30089001122",
    "fecha": "2025-09-28",
    "placa_vehiculo": "saq12m",
    "servicio": "Mantenimiento Preventivo",
    "descripcion_adicional": "prueba empleado desde mosulo html empleado"
}
{
    "nombre": "prueba",
    "apellido": "html empleado",
    "tipo_documento": "CC",
    "numero_documento": "123",
    "correo": "pruebahtml@empelado.com",
    "telefono": "30089001122",
    "fecha": "2025-09-28",
    "placa_vehiculo": "saq12m",
    "servicio": "Mantenimiento Preventivo",
    "descripcion_adicional": "prueba empleado desde mosulo html empleado"
}
{
    "nombre": "prueba",
    "apellido": "html empleado",
    "tipo_documento": "CC",
    "numero_documento": "123",
    "correo": "pruebahtml@empelado.com",
    "telefono": "30089001122",
    "fecha": "2025-09-28",
    "placa_vehiculo": "saq12m",
    "servicio": "Mantenimiento Preventivo",
    "descripcion_adicional": "prueba empleado desde mosulo html empleado"
}
{
    "nombre": "prueba",
    "apellido": "html empleado",
    "tipo_documento": "CC",
    "numero_documento": "123",
    "correo": "pruebahtml@empelado.com",
    "telefono": "30089001122",
    "fecha": "2025-09-28",
    "placa_vehiculo": "saq12m",
    "servicio": "Mantenimiento Preventivo",
    "descripcion_adicional": "prueba empleado desde mosulo html empleado"
}
{
    "nombre": "prueba",
    "apellido": "html empleado",
    "tipo_documento": "CC",
    "numero_documento": "123",
    "correo": "pruebahtml@empelado.com",
    "telefono": "30089001122",
    "fecha": "2025-09-28",
    "placa_vehiculo": "saq12m",
    "servicio": "Mantenimiento Preventivo",
    "descripcion_adicional": "prueba empleado desde mosulo html empleado"
}
{
    "nombre": "prueba",
    "apellido": "html empleado",
    "tipo_documento": "CC",
    "numero_documento": "123",
    "correo": "pruebahtml@empelado.com",
    "telefono": "30089001122",
    "fecha": "2025-09-28",
    "placa_vehiculo": "saq12m",
    "servicio": "Mantenimiento Preventivo",
    "descripcion_adicional": "prueba empleado desde mosulo html empleado"
}
{
    "nombre": "prueba",
    "apellido": "html empleado",
    "tipo_documento": "CC",
    "numero_documento": "123",
    "correo": "pruebahtml@empelado.com",
    "telefono": "30089001122",
    "fecha": "2025-09-28",
    "placa_vehiculo": "saq12m",
    "servicio": "Mantenimiento Preventivo",
    "descripcion_adicional": "prueba empleado desde mosulo html empleado"
}
{
    "nombre": "prueba",
    "apellido": "html empleado",
    "tipo_documento": "CC",
    "numero_documento": "123",
    "correo": "pruebahtml@empelado.com",
    "telefono": "30089001122",
    "fecha": "2025-09-28",
    "placa_vehiculo": "saq12m",
    "servicio": "Mantenimiento Preventivo",
    "descripcion_adicional": "prueba empleado desde mosulo html empleado"
}
{
    "nombre": "prueba",
    "apellido": "html empleado",
    "tipo_documento": "CC",
    "numero_documento": "123",
    "correo": "pruebahtml@empelado.com",
    "telefono": "30089001122",
    "fecha": "2025-09-28",
    "placa_vehiculo": "saq12m",
    "servicio": "Mantenimiento Preventivo",
    "descripcion_adicional": "prueba empleado desde mosulo html empleado"
}
{
    "nombre": "prueba",
    "apellido": "html empleado",
    "tipo_documento": "CC",
    "numero_documento": "123",
    "correo": "pruebahtml@empelado.com",
    "telefono": "30089001122",
    "fecha": "2025-09-28",
    "placa_vehiculo": "saq12m",
    "servicio": "Mantenimiento Preventivo",
    "descripcion_adicional": "prueba empleado desde mosulo html empleado"
}
{
    "nombre": "prueba",
    "apellido": "html empleado",
    "tipo_documento": "CC",
    "numero_documento": "123",
    "correo": "pruebahtml@empelado.com",
    "telefono": "30089001122",
    "fecha": "2025-09-28",
    "placa_vehiculo": "saq12m",
    "servicio": "Mantenimiento Preventivo",
    "descripcion_adicional": "prueba empleado desde mosulo html empleado"
}
{
    "nombre": "prueba",
    "apellido": "html empleado",
    "tipo_documento": "CC",
    "numero_documento": "123",
    "correo": "pruebahtml@empelado.com",
    "telefono": "30089001122",
    "fecha": "2025-09-28",
    "placa_vehiculo": "saq12m",
    "servicio": "Mantenimiento Preventivo",
    "descripcion_adicional": "prueba empleado desde mosulo html empleado"
}
{
    "nombre": "prueba",
    "apellido": "html empleado",
    "tipo_documento": "CC",
    "numero_documento": "123",
    "correo": "pruebahtml@empelado.com",
    "telefono": "30089001122",
    "fecha": "2025-09-28",
    "placa_vehiculo": "saq12m",
    "servicio": "Mantenimiento Preventivo",
    "descripcion_adicional": "prueba empleado desde mosulo html empleado"
}
{
    "nombre": "prueba",
    "apellido": "html empleado",
    "tipo_documento": "CC",
    "numero_documento": "123",
    "correo": "pruebahtml@empelado.com",
    "telefono": "30089001122",
    "fecha": "2025-09-28",
    "placa_vehiculo": "saq12m",
    "servicio": "Mantenimiento Preventivo",
    "descripcion_adicional": "prueba empleado desde mosulo html empleado"
}
{
    "nombre": "prueba",
    "apellido": "html empleado",
    "tipo_documento": "CC",
    "numero_documento": "123",
    "correo": "pruebahtml@empelado.com",
    "telefono": "30089001122",
    "fecha": "2025-09-28",
    "placa_vehiculo": "saq12m",
    "servicio": "Mantenimiento Preventivo",
    "descripcion_adicional": "prueba empleado desde mosulo html empleado"
}
{
    "nombre": "prueba",
    "apellido": "html empleado",
    "tipo_documento": "CC",
    "numero_documento": "123",
    "correo": "pruebahtml@empelado.com",
    "telefono": "30089001122",
    "fecha": "2025-09-28",
    "placa_vehiculo": "saq12m",
    "servicio": "Mantenimiento Preventivo",
    "descripcion_adicional": "prueba empleado desde mosulo html empleado"
}
{
    "nombre": "prueba",
    "apellido": "html empleado",
    "tipo_documento": "CC",
    "numero_documento": "123",
    "correo": "pruebahtml@empelado.com",
    "telefono": "30089001122",
    "fecha": "2025-09-28",
    "placa_vehiculo": "saq12m",
    "servicio": "Mantenimiento Preventivo",
    "descripcion_adicional": "prueba empleado desde mosulo html empleado"
}
{
    "nombre": "prueba",
    "apellido": "html empleado",
    "tipo_documento": "CC",
    "numero_documento": "123",
    "correo": "pruebahtml@empelado.com",
    "telefono": "30089001122",
    "fecha": "2025-09-28",
    "placa_vehiculo": "saq12m",
    "servicio": "Mantenimiento Preventivo",
    "descripcion_adicional": "prueba empleado desde mosulo html empleado"
}
{
    "nombre": "prueba",
    "apellido": "html empleado",
    "tipo_documento": "CC",
    "numero_documento": "123",
    "correo": "pruebahtml@empelado.com",
    "telefono": "30089001122",
    "fecha": "2025-09-28",
    "placa_vehiculo": "saq12m",
    "servicio": "Mantenimiento Preventivo",
    "descripcion_adicional": "prueba empleado desde mosulo html empleado"
}
{
    "nombre": "prueba",
    "apellido": "html empleado",
    "tipo_documento": "CC",
    "numero_documento": "123",
    "correo": "pruebahtml@empelado.com",
    "telefono": "30089001122",
    "fecha": "2025-09-28",
    "placa_vehiculo": "saq12m",
    "servicio": "Mantenimiento Preventivo",
    "descripcion_adicional": "prueba empleado desde mosulo html empleado"
}
{
    "nombre": "prueba",
    "apellido": "html empleado",
    "tipo_documento": "CC",
    "numero_documento": "123",
    "correo": "pruebahtml@empelado.com",
    "telefono": "30089001122",
    "fecha": "2025-09-28",
    "placa_vehiculo": "saq12m",
    "servicio": "Mantenimiento Preventivo",
    "descripcion_adicional": "prueba empleado desde mosulo html empleado"
}
{
    "nombre": "prueba",
    "apellido": "html empleado",
    "tipo_documento": "CC",
    "numero_documento": "123",
    "correo": "pruebahtml@empelado.com",
    "telefono": "30089001122",
    "fecha": "2025-09-28",
    "placa_vehiculo": "saq12m",
    "servicio": "Mantenimiento Preventivo",
    "descripcion_adicional": "prueba empleado desde mosulo html empleado"
}
{
    "nombre": "prueba",
    "apellido": "html empleado",
    "tipo_documento": "CC",
    "numero_documento": "123",
    "correo": "pruebahtml@empelado.com",
    "telefono": "30089001122",
    "fecha": "2025-09-28",
    "placa_vehiculo": "saq12m",
    "servicio": "Mantenimiento Preventivo",
    "descripcion_adicional": "prueba empleado desde mosulo html empleado"
}
{
    "nombre": "prueba",
    "apellido": "html empleado",
    "tipo_documento": "CC",
    "numero_documento": "123",
    "correo": "pruebahtml@empelado.com",
    "telefono": "30089001122",
    "fecha": "2025-09-28",
    "placa_vehiculo": "saq12m",
    "servicio": "Mantenimiento Preventivo",
    "descripcion_adicional": "prueba empleado desde mosulo html empleado"
}
{
    "nombre": "prueba",
    "apellido": "html empleado",
    "tipo_documento": "CC",
    "numero_documento": "123",
    "correo": "pruebahtml@empelado.com",
    "telefono": "30089001122",
    "fecha": "2025-09-28",
    "placa_vehiculo": "saq12m",
    "servicio": "Mantenimiento Preventivo",
    "descripcion_adicional": "prueba empleado desde mosulo html empleado"
}
{
    "nombre": "prueba",
    "apellido": "html empleado",
    "tipo_documento": "CC",
    "numero_documento": "123",
    "correo": "pruebahtml@empelado.com",
    "telefono": "30089001122",
    "fecha": "2025-09-28",
    "placa_vehiculo": "saq12m",
    "servicio": "Mantenimiento Preventivo",
    "descripcion_adicional": "prueba empleado desde mosulo html empleado"
}
{
    "nombre": "prueba",
    "apellido": "html empleado",
    "tipo_documento": "CC",
    "numero_documento": "123",
    "correo": "pruebahtml@empelado.com",
    "telefono": "30089001122",
    "fecha": "2025-09-28",
    "placa_vehiculo": "saq12m",
    "servicio": "Mantenimiento Preventivo",
    "descripcion_adicional": "prueba empleado desde mosulo html empleado"
}
{
    "nombre": "prueba",
    "apellido": "html empleado",
    "tipo_documento": "CC",
    "numero_documento": "123",
    "correo": "pruebahtml@empelado.com",
    "telefono": "30089001122",
    "fecha": "2025-09-28",
    "placa_vehiculo": "saq12m",
    "servicio": "Mantenimiento Preventivo",
    "descripcion_adicional": "prueba empleado desde mosulo html empleado"
}
{
    "nombre": "prueba1",
    "apellido": "html empleado1",
    "tipo_documento": "CC",
    "numero_documento": "123",
    "correo": "prueba1html@empelado1.com",
    "telefono": "3008900000",
    "fecha": "2025-09-28",
    "placa_vehiculo": "saq14v",
    "servicio": "Reparaci\u00f3n Motor",
    "descripcion_adicional": "prueba empleado desde mosulo html empleado"
}
{
    "nombre": "prueba1",
    "apellido": "html empleado1",
    "tipo_documento": "CC",
    "numero_documento": "123",
    "correo": "prueba1html@empelado1.com",
    "telefono": "3008900000",
    "fecha": "2025-09-28",
    "placa_vehiculo": "saq14v",
    "servicio": "Reparaci\u00f3n Motor",
    "descripcion_adicional": "prueba empleado desde mosulo html empleado"
}
{
    "nombre": "prueba1",
    "apellido": "html empleado1",
    "tipo_documento": "CC",
    "numero_documento": "123",
    "correo": "prueba1html@empelado1.com",
    "telefono": "3008900000",
    "fecha": "2025-09-28",
    "placa_vehiculo": "saq14v",
    "servicio": "Reparaci\u00f3n Motor",
    "descripcion_adicional": "prueba empleado desde mosulo html empleado"
}
{
    "nombre": "khkjl\u00f1hkl\u00f1j",
    "apellido": "lbnlnlnlb",
    "tipo_documento": "CC",
    "numero_documento": "1223",
    "correo": "hgf@jgfjk.com",
    "telefono": "37484236423847",
    "fecha": "2025-09-29",
    "placa_vehiculo": "63543654",
    "servicio": "Otros",
    "descripcion_adicional": "prueba html empleado conexion bd y formualrio respuestas existosas"
}
{
    "nombre": "prueba cita",
    "apellido": "listado cita html",
    "tipo_documento": "CC",
    "numero_documento": "123",
    "correo": "pruebacita@listadocitahtml.com",
    "telefono": "30012",
    "fecha": "2025-09-30",
    "placa_vehiculo": "ksc00m",
    "servicio": "Otros",
    "descripcion_adicional": "prueb alistado reflejado en listado html y bd de datos citas"
}
{
    "nombre": "prueba cita",
    "apellido": "listado cita html",
    "tipo_documento": "CC",
    "numero_documento": "00000",
    "correo": "pruebacita@listadocitahtml.com",
    "telefono": "30012",
    "fecha": "2025-09-30",
    "placa_vehiculo": "ksc00m",
    "servicio": "Otros",
    "descripcion_adicional": "prueb alistado reflejado en listado html y bd de datos citas"
}
{
    "nombre": "hgdfhdfg",
    "apellido": "aiojdashdi",
    "tipo_documento": "CE",
    "numero_documento": "873247",
    "correo": "hdfhjsa@fkfkjkjf.com",
    "telefono": "12132323232",
    "fecha": "2025-09-29",
    "placa_vehiculo": "sd3ghg",
    "servicio": "Otros",
    "descripcion_adicional": "prueba funcional despues de cambios"
}
{
    "nombre": "prueba cita",
    "apellido": "empleado",
    "tipo_documento": "NIT",
    "numero_documento": "1026553655",
    "correo": "pruebacita@empleado.com",
    "telefono": "300300300",
    "fecha": "2025-09-30",
    "placa_vehiculo": "ed32d",
    "servicio": "Sincronizaci\u00f3n",
    "descripcion_adicional": "prueba formualrio citas empleado despues de cambio script"
}
{
    "nombre": "cita prueba",
    "apellido": "formulario html",
    "tipo_documento": "CC",
    "numero_documento": "1000010000",
    "correo": "citaprueba@formualrio.html.com",
    "telefono": "300200100100",
    "fecha": "2025-09-29",
    "placa_vehiculo": "dfg00q",
    "servicio": "Mantenimiento Preventivo",
    "descripcion_adicional": "regresamos al codigo anterior"
}
{
    "nombre": "jhon",
    "apellido": "prueba html",
    "tipo_documento": "CC",
    "numero_documento": "105344422",
    "correo": "jhonprueba@htmlempleado.com",
    "telefono": "3507358436",
    "fecha": "2025-09-29",
    "placa_vehiculo": "KXN42D",
    "servicio": "Mantenimiento Preventivo",
    "descripcion_adicional": "prueba formulario html y bd depuracion de errores y mensajes"
}
{
    "nombre": "prueba ",
    "apellido": "formulario cita",
    "tipo_documento": "CC",
    "numero_documento": "00000000",
    "correo": "prueba@formulariocitahtml.com",
    "telefono": "300111223344",
    "fecha": "2025-09-30",
    "placa_vehiculo": "QQQ23Q",
    "servicio": "Otros",
    "descripcion_adicional": "prueba desde el formulario cita html usuario sin regisatro en el sistema SECLICA"
}
{
    "nombre": "prueba ",
    "apellido": "formulario cita",
    "tipo_documento": "CC",
    "numero_documento": "00000000",
    "correo": "prueba@formulariocitahtml.com",
    "telefono": "300111223344",
    "fecha": "2025-09-30",
    "placa_vehiculo": "QQQ23Q",
    "servicio": "Otros",
    "descripcion_adicional": "prueba desde el formulario cita html usuario sin regisatro en el sistema SECLICA"
}
{
    "nombre": "prueba ",
    "apellido": "formulario cita",
    "tipo_documento": "CC",
    "numero_documento": "00000000",
    "correo": "prueba@formulariocitahtml.com",
    "telefono": "300111223344",
    "fecha": "2025-09-30",
    "placa_vehiculo": "QQQ23Q",
    "servicio": "Otros",
    "descripcion_adicional": "prueba desde el formulario cita html usuario sin regisatro en el sistema SECLICA"
}
